2026-04-01 05:07:56,554 | [92mINFO[0m: [92mTask:
TaskConfig(db=<DB.ActianVectorAI: 'ActianVectorAI'>, db_config=ActianVectorAIConfig(db_label='main-bench', version='', note='', grpc_address='10.5.73.144:50051'), db_case_config=ActianVectorAIIndexConfig(metric_type=<MetricType.COSINE: 'COSINE'>, m=32, ef_construct=512, ef_search=512), case_config=CaseConfig(case_id=<CaseType.Performance768D10M: 4>, custom_case={}, k=100, concurrency_search_config=ConcurrencySearchConfig(num_concurrency=[1, 5, 10, 20, 30, 40, 60, 80], concurrency_duration=30, concurrency_timeout=3600)), stages=['drop_old', 'load', 'search_serial', 'search_concurrent'])
[0m (cli.py:649) (1035089)
2026-04-01 05:07:56,554 | [92mINFO[0m: [92mgenerated uuid for the tasks: c619f5d77aa840ccafab572253c25bb1[0m (interface.py:78) (1035089)
2026-04-01 05:07:56,573 | INFO | DB             | CaseType     Dataset               Filter | task_label (task_runner.py:405)
2026-04-01 05:07:56,574 | INFO | -----------    | ------------ -------------------- ------- | -------    (task_runner.py:405)
2026-04-01 05:07:56,574 | INFO | ActianVectorAI-main-bench | Performance  Cohere-LARGE-10M         0.0 | c619f5d77aa840ccafab572253c25bb1 (task_runner.py:405)
2026-04-01 05:07:56,574 | [92mINFO[0m: [92mtask submitted: id=c619f5d77aa840ccafab572253c25bb1, c619f5d77aa840ccafab572253c25bb1, case number: 1[0m (interface.py:253) (1035089)
2026-04-01 05:07:57,555 | [92mINFO[0m: [92m[1/1] start case: {'label': <CaseLabel.Performance: 2>, 'name': 'Search Performance Test (10M Dataset, 768 Dim)', 'dataset': {'data': {'name': 'Cohere', 'size': 10000000, 'dim': 768, 'metric_type': <MetricType.COSINE: 'COSINE'>}}, 'db': 'ActianVectorAI-main-bench'}, drop_old=True[0m (interface.py:183) (1035104)
2026-04-01 05:07:57,555 | [92mINFO[0m: [92mStarting run[0m (task_runner.py:143) (1035104)
2026-04-01 05:07:57,656 | [92mINFO[0m: [92mCreating collection: ActianVectorAICollection[0m (actianvectorai.py:69) (1035104)
2026-04-01 05:07:57,862 | [92mINFO[0m: [92mLocalReader: skipping download for cohere_large_10m, expecting files at /home/vectordb_bench_dataset/cohere/cohere_large_10m[0m (data_source.py:169) (1035104)
2026-04-01 05:07:57,869 | [92mINFO[0m: [92mRead the entire file into memory: test.parquet[0m (dataset.py:394) (1035104)
2026-04-01 05:07:59,016 | [92mINFO[0m: [92mRead the entire file into memory: neighbors.parquet[0m (dataset.py:394) (1035104)
2026-04-01 05:08:01,320 | [92mINFO[0m: [92mStart performance case[0m (task_runner.py:188) (1035104)
2026-04-01 05:08:03,500 | [92mINFO[0m: [92m(SpawnProcess-1:1) Start inserting embeddings in batch 10000[0m (serial_runner.py:56) (1035158)
2026-04-01 05:08:03,501 | [92mINFO[0m: [92mGet iterator for shuffle_train-00-of-10.parquet[0m (dataset.py:426) (1035158)
2026-04-01 05:08:52,933 | [92mINFO[0m: [92m(SpawnProcess-1:1) Loaded 100000 embeddings into VectorDB[0m (serial_runner.py:93) (1035158)
2026-04-01 05:10:08,517 | [92mINFO[0m: [92m(SpawnProcess-1:1) Loaded 200000 embeddings into VectorDB[0m (serial_runner.py:93) (1035158)
2026-04-01 05:11:33,336 | [92mINFO[0m: [92m(SpawnProcess-1:1) Loaded 300000 embeddings into VectorDB[0m (serial_runner.py:93) (1035158)
2026-04-01 05:13:03,031 | [92mINFO[0m: [92m(SpawnProcess-1:1) Loaded 400000 embeddings into VectorDB[0m (serial_runner.py:93) (1035158)
2026-04-01 05:14:36,155 | [92mINFO[0m: [92m(SpawnProcess-1:1) Loaded 500000 embeddings into VectorDB[0m (serial_runner.py:93) (1035158)
2026-04-01 05:16:11,678 | [92mINFO[0m: [92m(SpawnProcess-1:1) Loaded 600000 embeddings into VectorDB[0m (serial_runner.py:93) (1035158)
2026-04-01 05:18:11,686 | [92mINFO[0m: [92m(SpawnProcess-1:1) Loaded 700000 embeddings into VectorDB[0m (serial_runner.py:93) (1035158)
2026-04-01 05:20:25,289 | [92mINFO[0m: [92m(SpawnProcess-1:1) Loaded 800000 embeddings into VectorDB[0m (serial_runner.py:93) (1035158)
2026-04-01 05:22:33,589 | [92mINFO[0m: [92m(SpawnProcess-1:1) Loaded 900000 embeddings into VectorDB[0m (serial_runner.py:93) (1035158)
2026-04-01 05:24:41,351 | [92mINFO[0m: [92m(SpawnProcess-1:1) Loaded 1000000 embeddings into VectorDB[0m (serial_runner.py:93) (1035158)
2026-04-01 05:24:41,462 | [92mINFO[0m: [92mGet iterator for shuffle_train-01-of-10.parquet[0m (dataset.py:426) (1035158)
2026-04-01 05:26:52,995 | [92mINFO[0m: [92m(SpawnProcess-1:1) Loaded 1100000 embeddings into VectorDB[0m (serial_runner.py:93) (1035158)
2026-04-01 05:29:03,483 | [92mINFO[0m: [92m(SpawnProcess-1:1) Loaded 1200000 embeddings into VectorDB[0m (serial_runner.py:93) (1035158)
2026-04-01 05:31:10,810 | [92mINFO[0m: [92m(SpawnProcess-1:1) Loaded 1300000 embeddings into VectorDB[0m (serial_runner.py:93) (1035158)
2026-04-01 05:34:20,995 | [92mINFO[0m: [92m(SpawnProcess-1:1) Loaded 1400000 embeddings into VectorDB[0m (serial_runner.py:93) (1035158)
2026-04-01 05:36:09,403 | [92mINFO[0m: [92m(SpawnProcess-1:1) Loaded 1500000 embeddings into VectorDB[0m (serial_runner.py:93) (1035158)
2026-04-01 05:39:08,932 | [92mINFO[0m: [92m(SpawnProcess-1:1) Loaded 1600000 embeddings into VectorDB[0m (serial_runner.py:93) (1035158)
2026-04-01 05:41:03,034 | [92mINFO[0m: [92m(SpawnProcess-1:1) Loaded 1700000 embeddings into VectorDB[0m (serial_runner.py:93) (1035158)
2026-04-01 05:42:55,426 | [92mINFO[0m: [92m(SpawnProcess-1:1) Loaded 1800000 embeddings into VectorDB[0m (serial_runner.py:93) (1035158)
2026-04-01 05:44:49,478 | [92mINFO[0m: [92m(SpawnProcess-1:1) Loaded 1900000 embeddings into VectorDB[0m (serial_runner.py:93) (1035158)
2026-04-01 05:46:43,798 | [92mINFO[0m: [92m(SpawnProcess-1:1) Loaded 2000000 embeddings into VectorDB[0m (serial_runner.py:93) (1035158)
2026-04-01 05:46:43,862 | [92mINFO[0m: [92mGet iterator for shuffle_train-02-of-10.parquet[0m (dataset.py:426) (1035158)
2026-04-01 05:48:38,177 | [92mINFO[0m: [92m(SpawnProcess-1:1) Loaded 2100000 embeddings into VectorDB[0m (serial_runner.py:93) (1035158)
2026-04-01 05:50:32,268 | [92mINFO[0m: [92m(SpawnProcess-1:1) Loaded 2200000 embeddings into VectorDB[0m (serial_runner.py:93) (1035158)
2026-04-01 05:52:26,405 | [92mINFO[0m: [92m(SpawnProcess-1:1) Loaded 2300000 embeddings into VectorDB[0m (serial_runner.py:93) (1035158)
2026-04-01 05:54:21,167 | [92mINFO[0m: [92m(SpawnProcess-1:1) Loaded 2400000 embeddings into VectorDB[0m (serial_runner.py:93) (1035158)
2026-04-01 05:56:16,563 | [92mINFO[0m: [92m(SpawnProcess-1:1) Loaded 2500000 embeddings into VectorDB[0m (serial_runner.py:93) (1035158)
2026-04-01 05:58:16,681 | [92mINFO[0m: [92m(SpawnProcess-1:1) Loaded 2600000 embeddings into VectorDB[0m (serial_runner.py:93) (1035158)
2026-04-01 06:00:13,635 | [92mINFO[0m: [92m(SpawnProcess-1:1) Loaded 2700000 embeddings into VectorDB[0m (serial_runner.py:93) (1035158)
2026-04-01 06:02:11,410 | [92mINFO[0m: [92m(SpawnProcess-1:1) Loaded 2800000 embeddings into VectorDB[0m (serial_runner.py:93) (1035158)
2026-04-01 06:04:09,226 | [92mINFO[0m: [92m(SpawnProcess-1:1) Loaded 2900000 embeddings into VectorDB[0m (serial_runner.py:93) (1035158)
2026-04-01 06:06:08,796 | [92mINFO[0m: [92m(SpawnProcess-1:1) Loaded 3000000 embeddings into VectorDB[0m (serial_runner.py:93) (1035158)
2026-04-01 06:06:08,837 | [92mINFO[0m: [92mGet iterator for shuffle_train-03-of-10.parquet[0m (dataset.py:426) (1035158)
2026-04-01 06:08:08,065 | [92mINFO[0m: [92m(SpawnProcess-1:1) Loaded 3100000 embeddings into VectorDB[0m (serial_runner.py:93) (1035158)
2026-04-01 06:10:07,877 | [92mINFO[0m: [92m(SpawnProcess-1:1) Loaded 3200000 embeddings into VectorDB[0m (serial_runner.py:93) (1035158)
2026-04-01 06:12:07,251 | [92mINFO[0m: [92m(SpawnProcess-1:1) Loaded 3300000 embeddings into VectorDB[0m (serial_runner.py:93) (1035158)
2026-04-01 06:14:06,959 | [92mINFO[0m: [92m(SpawnProcess-1:1) Loaded 3400000 embeddings into VectorDB[0m (serial_runner.py:93) (1035158)
2026-04-01 06:16:06,736 | [92mINFO[0m: [92m(SpawnProcess-1:1) Loaded 3500000 embeddings into VectorDB[0m (serial_runner.py:93) (1035158)
2026-04-01 06:18:04,709 | [92mINFO[0m: [92m(SpawnProcess-1:1) Loaded 3600000 embeddings into VectorDB[0m (serial_runner.py:93) (1035158)
2026-04-01 06:20:03,967 | [92mINFO[0m: [92m(SpawnProcess-1:1) Loaded 3700000 embeddings into VectorDB[0m (serial_runner.py:93) (1035158)
2026-04-01 06:22:05,263 | [92mINFO[0m: [92m(SpawnProcess-1:1) Loaded 3800000 embeddings into VectorDB[0m (serial_runner.py:93) (1035158)
2026-04-01 06:24:04,737 | [92mINFO[0m: [92m(SpawnProcess-1:1) Loaded 3900000 embeddings into VectorDB[0m (serial_runner.py:93) (1035158)
2026-04-01 06:26:05,084 | [92mINFO[0m: [92m(SpawnProcess-1:1) Loaded 4000000 embeddings into VectorDB[0m (serial_runner.py:93) (1035158)
2026-04-01 06:26:05,122 | [92mINFO[0m: [92mGet iterator for shuffle_train-04-of-10.parquet[0m (dataset.py:426) (1035158)
2026-04-01 06:28:06,027 | [92mINFO[0m: [92m(SpawnProcess-1:1) Loaded 4100000 embeddings into VectorDB[0m (serial_runner.py:93) (1035158)
2026-04-01 06:30:06,550 | [92mINFO[0m: [92m(SpawnProcess-1:1) Loaded 4200000 embeddings into VectorDB[0m (serial_runner.py:93) (1035158)
2026-04-01 06:32:07,440 | [92mINFO[0m: [92m(SpawnProcess-1:1) Loaded 4300000 embeddings into VectorDB[0m (serial_runner.py:93) (1035158)
2026-04-01 06:34:08,897 | [92mINFO[0m: [92m(SpawnProcess-1:1) Loaded 4400000 embeddings into VectorDB[0m (serial_runner.py:93) (1035158)
2026-04-01 06:36:10,307 | [92mINFO[0m: [92m(SpawnProcess-1:1) Loaded 4500000 embeddings into VectorDB[0m (serial_runner.py:93) (1035158)
2026-04-01 06:38:12,272 | [92mINFO[0m: [92m(SpawnProcess-1:1) Loaded 4600000 embeddings into VectorDB[0m (serial_runner.py:93) (1035158)
2026-04-01 06:40:14,238 | [92mINFO[0m: [92m(SpawnProcess-1:1) Loaded 4700000 embeddings into VectorDB[0m (serial_runner.py:93) (1035158)
2026-04-01 06:42:16,245 | [92mINFO[0m: [92m(SpawnProcess-1:1) Loaded 4800000 embeddings into VectorDB[0m (serial_runner.py:93) (1035158)
2026-04-01 06:44:18,992 | [92mINFO[0m: [92m(SpawnProcess-1:1) Loaded 4900000 embeddings into VectorDB[0m (serial_runner.py:93) (1035158)
2026-04-01 06:46:22,151 | [92mINFO[0m: [92m(SpawnProcess-1:1) Loaded 5000000 embeddings into VectorDB[0m (serial_runner.py:93) (1035158)
2026-04-01 06:46:22,202 | [92mINFO[0m: [92mGet iterator for shuffle_train-05-of-10.parquet[0m (dataset.py:426) (1035158)
2026-04-01 06:48:28,138 | [92mINFO[0m: [92m(SpawnProcess-1:1) Loaded 5100000 embeddings into VectorDB[0m (serial_runner.py:93) (1035158)
2026-04-01 06:50:38,097 | [92mINFO[0m: [92m(SpawnProcess-1:1) Loaded 5200000 embeddings into VectorDB[0m (serial_runner.py:93) (1035158)
2026-04-01 06:52:42,731 | [92mINFO[0m: [92m(SpawnProcess-1:1) Loaded 5300000 embeddings into VectorDB[0m (serial_runner.py:93) (1035158)
2026-04-01 06:54:47,941 | [92mINFO[0m: [92m(SpawnProcess-1:1) Loaded 5400000 embeddings into VectorDB[0m (serial_runner.py:93) (1035158)
2026-04-01 06:56:52,252 | [92mINFO[0m: [92m(SpawnProcess-1:1) Loaded 5500000 embeddings into VectorDB[0m (serial_runner.py:93) (1035158)
2026-04-01 06:59:22,399 | [92mINFO[0m: [92m(SpawnProcess-1:1) Loaded 5600000 embeddings into VectorDB[0m (serial_runner.py:93) (1035158)
2026-04-01 07:02:25,601 | [92mINFO[0m: [92m(SpawnProcess-1:1) Loaded 5700000 embeddings into VectorDB[0m (serial_runner.py:93) (1035158)
2026-04-01 07:04:32,074 | [92mINFO[0m: [92m(SpawnProcess-1:1) Loaded 5800000 embeddings into VectorDB[0m (serial_runner.py:93) (1035158)
2026-04-01 07:06:37,953 | [92mINFO[0m: [92m(SpawnProcess-1:1) Loaded 5900000 embeddings into VectorDB[0m (serial_runner.py:93) (1035158)
2026-04-01 07:08:47,074 | [92mINFO[0m: [92m(SpawnProcess-1:1) Loaded 6000000 embeddings into VectorDB[0m (serial_runner.py:93) (1035158)
2026-04-01 07:08:47,139 | [92mINFO[0m: [92mGet iterator for shuffle_train-06-of-10.parquet[0m (dataset.py:426) (1035158)
2026-04-01 07:10:54,226 | [92mINFO[0m: [92m(SpawnProcess-1:1) Loaded 6100000 embeddings into VectorDB[0m (serial_runner.py:93) (1035158)
2026-04-01 07:14:06,694 | [92mINFO[0m: [92m(SpawnProcess-1:1) Loaded 6200000 embeddings into VectorDB[0m (serial_runner.py:93) (1035158)
2026-04-01 07:16:15,523 | [92mINFO[0m: [92m(SpawnProcess-1:1) Loaded 6300000 embeddings into VectorDB[0m (serial_runner.py:93) (1035158)
2026-04-01 07:18:21,673 | [92mINFO[0m: [92m(SpawnProcess-1:1) Loaded 6400000 embeddings into VectorDB[0m (serial_runner.py:93) (1035158)
2026-04-01 07:20:27,136 | [92mINFO[0m: [92m(SpawnProcess-1:1) Loaded 6500000 embeddings into VectorDB[0m (serial_runner.py:93) (1035158)
2026-04-01 07:22:31,913 | [92mINFO[0m: [92m(SpawnProcess-1:1) Loaded 6600000 embeddings into VectorDB[0m (serial_runner.py:93) (1035158)
2026-04-01 07:24:36,534 | [92mINFO[0m: [92m(SpawnProcess-1:1) Loaded 6700000 embeddings into VectorDB[0m (serial_runner.py:93) (1035158)
2026-04-01 07:26:42,341 | [92mINFO[0m: [92m(SpawnProcess-1:1) Loaded 6800000 embeddings into VectorDB[0m (serial_runner.py:93) (1035158)
2026-04-01 07:28:49,040 | [92mINFO[0m: [92m(SpawnProcess-1:1) Loaded 6900000 embeddings into VectorDB[0m (serial_runner.py:93) (1035158)
2026-04-01 07:30:54,955 | [92mINFO[0m: [92m(SpawnProcess-1:1) Loaded 7000000 embeddings into VectorDB[0m (serial_runner.py:93) (1035158)
2026-04-01 07:30:55,062 | [92mINFO[0m: [92mGet iterator for shuffle_train-07-of-10.parquet[0m (dataset.py:426) (1035158)
2026-04-01 07:33:01,730 | [92mINFO[0m: [92m(SpawnProcess-1:1) Loaded 7100000 embeddings into VectorDB[0m (serial_runner.py:93) (1035158)
2026-04-01 07:35:08,543 | [92mINFO[0m: [92m(SpawnProcess-1:1) Loaded 7200000 embeddings into VectorDB[0m (serial_runner.py:93) (1035158)
2026-04-01 07:37:15,092 | [92mINFO[0m: [92m(SpawnProcess-1:1) Loaded 7300000 embeddings into VectorDB[0m (serial_runner.py:93) (1035158)
2026-04-01 07:40:22,968 | [92mINFO[0m: [92m(SpawnProcess-1:1) Loaded 7400000 embeddings into VectorDB[0m (serial_runner.py:93) (1035158)
2026-04-01 07:42:30,130 | [92mINFO[0m: [92m(SpawnProcess-1:1) Loaded 7500000 embeddings into VectorDB[0m (serial_runner.py:93) (1035158)
2026-04-01 07:44:36,867 | [92mINFO[0m: [92m(SpawnProcess-1:1) Loaded 7600000 embeddings into VectorDB[0m (serial_runner.py:93) (1035158)
2026-04-01 07:46:44,685 | [92mINFO[0m: [92m(SpawnProcess-1:1) Loaded 7700000 embeddings into VectorDB[0m (serial_runner.py:93) (1035158)
2026-04-01 07:48:52,431 | [92mINFO[0m: [92m(SpawnProcess-1:1) Loaded 7800000 embeddings into VectorDB[0m (serial_runner.py:93) (1035158)
2026-04-01 07:51:00,867 | [92mINFO[0m: [92m(SpawnProcess-1:1) Loaded 7900000 embeddings into VectorDB[0m (serial_runner.py:93) (1035158)
2026-04-01 07:53:09,591 | [92mINFO[0m: [92m(SpawnProcess-1:1) Loaded 8000000 embeddings into VectorDB[0m (serial_runner.py:93) (1035158)
2026-04-01 07:53:09,680 | [92mINFO[0m: [92mGet iterator for shuffle_train-08-of-10.parquet[0m (dataset.py:426) (1035158)
2026-04-01 07:55:20,665 | [92mINFO[0m: [92m(SpawnProcess-1:1) Loaded 8100000 embeddings into VectorDB[0m (serial_runner.py:93) (1035158)
2026-04-01 07:57:29,448 | [92mINFO[0m: [92m(SpawnProcess-1:1) Loaded 8200000 embeddings into VectorDB[0m (serial_runner.py:93) (1035158)
2026-04-01 07:59:39,556 | [92mINFO[0m: [92m(SpawnProcess-1:1) Loaded 8300000 embeddings into VectorDB[0m (serial_runner.py:93) (1035158)
2026-04-01 08:01:50,061 | [92mINFO[0m: [92m(SpawnProcess-1:1) Loaded 8400000 embeddings into VectorDB[0m (serial_runner.py:93) (1035158)
2026-04-01 08:04:00,698 | [92mINFO[0m: [92m(SpawnProcess-1:1) Loaded 8500000 embeddings into VectorDB[0m (serial_runner.py:93) (1035158)
2026-04-01 08:06:12,146 | [92mINFO[0m: [92m(SpawnProcess-1:1) Loaded 8600000 embeddings into VectorDB[0m (serial_runner.py:93) (1035158)
2026-04-01 08:08:22,280 | [92mINFO[0m: [92m(SpawnProcess-1:1) Loaded 8700000 embeddings into VectorDB[0m (serial_runner.py:93) (1035158)
2026-04-01 08:11:42,866 | [92mINFO[0m: [92m(SpawnProcess-1:1) Loaded 8800000 embeddings into VectorDB[0m (serial_runner.py:93) (1035158)
2026-04-01 08:13:53,694 | [92mINFO[0m: [92m(SpawnProcess-1:1) Loaded 8900000 embeddings into VectorDB[0m (serial_runner.py:93) (1035158)
2026-04-01 08:16:04,057 | [92mINFO[0m: [92m(SpawnProcess-1:1) Loaded 9000000 embeddings into VectorDB[0m (serial_runner.py:93) (1035158)
2026-04-01 08:16:04,169 | [92mINFO[0m: [92mGet iterator for shuffle_train-09-of-10.parquet[0m (dataset.py:426) (1035158)
2026-04-01 08:18:14,574 | [92mINFO[0m: [92m(SpawnProcess-1:1) Loaded 9100000 embeddings into VectorDB[0m (serial_runner.py:93) (1035158)
2026-04-01 08:20:26,095 | [92mINFO[0m: [92m(SpawnProcess-1:1) Loaded 9200000 embeddings into VectorDB[0m (serial_runner.py:93) (1035158)
2026-04-01 08:22:39,642 | [92mINFO[0m: [92m(SpawnProcess-1:1) Loaded 9300000 embeddings into VectorDB[0m (serial_runner.py:93) (1035158)
2026-04-01 08:24:52,438 | [92mINFO[0m: [92m(SpawnProcess-1:1) Loaded 9400000 embeddings into VectorDB[0m (serial_runner.py:93) (1035158)
2026-04-01 08:27:05,297 | [92mINFO[0m: [92m(SpawnProcess-1:1) Loaded 9500000 embeddings into VectorDB[0m (serial_runner.py:93) (1035158)
2026-04-01 08:29:18,313 | [92mINFO[0m: [92m(SpawnProcess-1:1) Loaded 9600000 embeddings into VectorDB[0m (serial_runner.py:93) (1035158)
2026-04-01 08:31:31,116 | [92mINFO[0m: [92m(SpawnProcess-1:1) Loaded 9700000 embeddings into VectorDB[0m (serial_runner.py:93) (1035158)
2026-04-01 08:33:44,219 | [92mINFO[0m: [92m(SpawnProcess-1:1) Loaded 9800000 embeddings into VectorDB[0m (serial_runner.py:93) (1035158)
2026-04-01 08:35:58,620 | [92mINFO[0m: [92m(SpawnProcess-1:1) Loaded 9900000 embeddings into VectorDB[0m (serial_runner.py:93) (1035158)
2026-04-01 08:38:12,976 | [92mINFO[0m: [92m(SpawnProcess-1:1) Loaded 10000000 embeddings into VectorDB[0m (serial_runner.py:93) (1035158)
2026-04-01 08:38:13,060 | [92mINFO[0m: [92m(SpawnProcess-1:1) Finish loading all dataset into VectorDB, dur=12609.55894309096[0m (serial_runner.py:95) (1035158)
2026-04-01 08:38:28,302 | [92mINFO[0m: [92mTriggering Optimize for collection: ActianVectorAICollection[0m (actianvectorai.py:216) (1036084)
2026-04-01 08:38:28,413 | [92mINFO[0m: [92mCollection ActianVectorAICollection is READY[0m (actianvectorai.py:232) (1036084)
2026-04-01 08:38:28,775 | [92mINFO[0m: [92mFinish loading the entire dataset into VectorDB, insert_duration=12616.14054707624, optimize_duration=0.8165234513580799 load_duration(insert + optimize) = 12616.9571[0m (task_runner.py:198) (1035104)
2026-04-01 08:38:29,741 | [92mINFO[0m: [92mStart search 30s in concurrency 1, filters: type=<FilterOp.NonFilter: 'NonFilter'> filter_rate=0.0 gt_file_name='neighbors.parquet'[0m (mp_runner.py:129) (1035104)
2026-04-01 08:38:31,778 | [92mINFO[0m: [92mSyncing all process and start concurrency search, concurrency=1[0m (mp_runner.py:136) (1035104)
2026-04-01 08:39:01,824 | [92mINFO[0m: [92mSpawnProcess-1:4 search 30s: actual_dur=30.0122s, count=3030, qps in this process: 100.9589[0m (mp_runner.py:101) (1036124)
2026-04-01 08:39:01,837 | [92mINFO[0m: [92mEnd search in concurrency 1: dur=30.05858259089291s, total_count=3030, qps=100.8032[0m (mp_runner.py:152) (1035104)
2026-04-01 08:39:02,507 | [92mINFO[0m: [92mUpdate largest qps with concurrency 1: current max_qps=100.8032[0m (mp_runner.py:156) (1035104)
2026-04-01 08:39:03,608 | [92mINFO[0m: [92mStart search 30s in concurrency 5, filters: type=<FilterOp.NonFilter: 'NonFilter'> filter_rate=0.0 gt_file_name='neighbors.parquet'[0m (mp_runner.py:129) (1035104)
2026-04-01 08:39:08,645 | [92mINFO[0m: [92mSyncing all process and start concurrency search, concurrency=5[0m (mp_runner.py:136) (1035104)
2026-04-01 08:39:38,683 | [92mINFO[0m: [92mSpawnProcess-1:9 search 30s: actual_dur=30.004s, count=3287, qps in this process: 109.5521[0m (mp_runner.py:101) (1036179)
2026-04-01 08:39:38,685 | [92mINFO[0m: [92mSpawnProcess-1:10 search 30s: actual_dur=30.0047s, count=3299, qps in this process: 109.9494[0m (mp_runner.py:101) (1036180)
2026-04-01 08:39:38,686 | [92mINFO[0m: [92mSpawnProcess-1:6 search 30s: actual_dur=30.0073s, count=3286, qps in this process: 109.5067[0m (mp_runner.py:101) (1036174)
2026-04-01 08:39:38,687 | [92mINFO[0m: [92mSpawnProcess-1:8 search 30s: actual_dur=30.0069s, count=3284, qps in this process: 109.4415[0m (mp_runner.py:101) (1036178)
2026-04-01 08:39:38,691 | [92mINFO[0m: [92mSpawnProcess-1:7 search 30s: actual_dur=30.01s, count=3293, qps in this process: 109.7301[0m (mp_runner.py:101) (1036177)
2026-04-01 08:39:38,697 | [92mINFO[0m: [92mEnd search in concurrency 5: dur=30.051933930255473s, total_count=16449, qps=547.3525[0m (mp_runner.py:152) (1035104)
2026-04-01 08:39:39,443 | [92mINFO[0m: [92mUpdate largest qps with concurrency 5: current max_qps=547.3525[0m (mp_runner.py:156) (1035104)
2026-04-01 08:39:40,542 | [92mINFO[0m: [92mStart search 30s in concurrency 10, filters: type=<FilterOp.NonFilter: 'NonFilter'> filter_rate=0.0 gt_file_name='neighbors.parquet'[0m (mp_runner.py:129) (1035104)
2026-04-01 08:39:50,594 | [92mINFO[0m: [92mSyncing all process and start concurrency search, concurrency=10[0m (mp_runner.py:136) (1035104)
2026-04-01 08:40:20,637 | [92mINFO[0m: [92mSpawnProcess-1:16 search 30s: actual_dur=30.0009s, count=2439, qps in this process: 81.2976[0m (mp_runner.py:101) (1036336)
2026-04-01 08:40:20,641 | [92mINFO[0m: [92mSpawnProcess-1:13 search 30s: actual_dur=30.002s, count=2462, qps in this process: 82.0612[0m (mp_runner.py:101) (1036333)
2026-04-01 08:40:20,644 | [92mINFO[0m: [92mSpawnProcess-1:18 search 30s: actual_dur=30.0032s, count=2417, qps in this process: 80.5581[0m (mp_runner.py:101) (1036338)
2026-04-01 08:40:20,652 | [92mINFO[0m: [92mSpawnProcess-1:12 search 30s: actual_dur=30.0064s, count=2416, qps in this process: 80.5162[0m (mp_runner.py:101) (1036330)
2026-04-01 08:40:20,655 | [92mINFO[0m: [92mSpawnProcess-1:19 search 30s: actual_dur=30.0128s, count=2398, qps in this process: 79.8992[0m (mp_runner.py:101) (1036339)
2026-04-01 08:40:20,656 | [92mINFO[0m: [92mSpawnProcess-1:14 search 30s: actual_dur=30.0135s, count=2439, qps in this process: 81.2634[0m (mp_runner.py:101) (1036334)
2026-04-01 08:40:20,662 | [92mINFO[0m: [92mSpawnProcess-1:21 search 30s: actual_dur=30.0079s, count=2452, qps in this process: 81.7118[0m (mp_runner.py:101) (1036341)
2026-04-01 08:40:20,663 | [92mINFO[0m: [92mSpawnProcess-1:17 search 30s: actual_dur=30.0034s, count=2432, qps in this process: 81.0575[0m (mp_runner.py:101) (1036337)
2026-04-01 08:40:20,665 | [92mINFO[0m: [92mSpawnProcess-1:15 search 30s: actual_dur=30.0082s, count=2432, qps in this process: 81.0445[0m (mp_runner.py:101) (1036335)
2026-04-01 08:40:20,668 | [92mINFO[0m: [92mSpawnProcess-1:20 search 30s: actual_dur=30.0021s, count=2456, qps in this process: 81.8609[0m (mp_runner.py:101) (1036340)
2026-04-01 08:40:20,680 | [92mINFO[0m: [92mEnd search in concurrency 10: dur=30.08567106164992s, total_count=24343, qps=809.1227[0m (mp_runner.py:152) (1035104)
2026-04-01 08:40:21,625 | [92mINFO[0m: [92mUpdate largest qps with concurrency 10: current max_qps=809.1227[0m (mp_runner.py:156) (1035104)
2026-04-01 08:40:22,699 | [92mINFO[0m: [92mStart search 30s in concurrency 20, filters: type=<FilterOp.NonFilter: 'NonFilter'> filter_rate=0.0 gt_file_name='neighbors.parquet'[0m (mp_runner.py:129) (1035104)
2026-04-01 08:40:32,950 | [92mINFO[0m: [92mSyncing all process and start concurrency search, concurrency=20[0m (mp_runner.py:136) (1035104)
2026-04-01 08:41:02,997 | [92mINFO[0m: [92mSpawnProcess-1:29 search 30s: actual_dur=30.003s, count=1380, qps in this process: 45.9954[0m (mp_runner.py:101) (1036634)
2026-04-01 08:41:03,008 | [92mINFO[0m: [92mSpawnProcess-1:24 search 30s: actual_dur=30.0057s, count=1371, qps in this process: 45.6913[0m (mp_runner.py:101) (1036629)
2026-04-01 08:41:03,025 | [92mINFO[0m: [92mSpawnProcess-1:28 search 30s: actual_dur=30.0029s, count=1364, qps in this process: 45.4623[0m (mp_runner.py:101) (1036633)
2026-04-01 08:41:03,027 | [92mINFO[0m: [92mSpawnProcess-1:26 search 30s: actual_dur=30.0036s, count=1385, qps in this process: 46.1611[0m (mp_runner.py:101) (1036631)
2026-04-01 08:41:03,034 | [92mINFO[0m: [92mSpawnProcess-1:42 search 30s: actual_dur=30.0205s, count=1362, qps in this process: 45.369[0m (mp_runner.py:101) (1036647)
2026-04-01 08:41:03,049 | [92mINFO[0m: [92mSpawnProcess-1:25 search 30s: actual_dur=30.0061s, count=1370, qps in this process: 45.6574[0m (mp_runner.py:101) (1036630)
2026-04-01 08:41:03,057 | [92mINFO[0m: [92mSpawnProcess-1:35 search 30s: actual_dur=30.0142s, count=1375, qps in this process: 45.8116[0m (mp_runner.py:101) (1036640)
2026-04-01 08:41:03,064 | [92mINFO[0m: [92mSpawnProcess-1:27 search 30s: actual_dur=30.0163s, count=1402, qps in this process: 46.708[0m (mp_runner.py:101) (1036632)
2026-04-01 08:41:03,065 | [92mINFO[0m: [92mSpawnProcess-1:39 search 30s: actual_dur=30.0134s, count=1384, qps in this process: 46.1127[0m (mp_runner.py:101) (1036644)
2026-04-01 08:41:03,067 | [92mINFO[0m: [92mSpawnProcess-1:36 search 30s: actual_dur=30.0165s, count=1389, qps in this process: 46.2745[0m (mp_runner.py:101) (1036641)
2026-04-01 08:41:03,077 | [92mINFO[0m: [92mSpawnProcess-1:23 search 30s: actual_dur=30.015s, count=1373, qps in this process: 45.7438[0m (mp_runner.py:101) (1036626)
2026-04-01 08:41:03,086 | [92mINFO[0m: [92mSpawnProcess-1:38 search 30s: actual_dur=30.0044s, count=1388, qps in this process: 46.2599[0m (mp_runner.py:101) (1036643)
2026-04-01 08:41:03,086 | [92mINFO[0m: [92mSpawnProcess-1:34 search 30s: actual_dur=30.0128s, count=1381, qps in this process: 46.0137[0m (mp_runner.py:101) (1036639)
2026-04-01 08:41:03,086 | [92mINFO[0m: [92mSpawnProcess-1:41 search 30s: actual_dur=30.0012s, count=1378, qps in this process: 45.9315[0m (mp_runner.py:101) (1036646)
2026-04-01 08:41:03,088 | [92mINFO[0m: [92mSpawnProcess-1:37 search 30s: actual_dur=30.0069s, count=1382, qps in this process: 46.0561[0m (mp_runner.py:101) (1036642)
2026-04-01 08:41:03,090 | [92mINFO[0m: [92mSpawnProcess-1:40 search 30s: actual_dur=30.0026s, count=1371, qps in this process: 45.696[0m (mp_runner.py:101) (1036645)
2026-04-01 08:41:03,094 | [92mINFO[0m: [92mSpawnProcess-1:32 search 30s: actual_dur=30.0042s, count=1378, qps in this process: 45.9269[0m (mp_runner.py:101) (1036637)
2026-04-01 08:41:03,097 | [92mINFO[0m: [92mSpawnProcess-1:30 search 30s: actual_dur=30.0096s, count=1374, qps in this process: 45.7853[0m (mp_runner.py:101) (1036635)
2026-04-01 08:41:03,097 | [92mINFO[0m: [92mSpawnProcess-1:33 search 30s: actual_dur=30.0005s, count=1395, qps in this process: 46.4992[0m (mp_runner.py:101) (1036638)
2026-04-01 08:41:03,102 | [92mINFO[0m: [92mSpawnProcess-1:31 search 30s: actual_dur=30.0119s, count=1403, qps in this process: 46.7481[0m (mp_runner.py:101) (1036636)
2026-04-01 08:41:03,121 | [92mINFO[0m: [92mEnd search in concurrency 20: dur=30.170021490193903s, total_count=27605, qps=914.9811[0m (mp_runner.py:152) (1035104)
2026-04-01 08:41:04,571 | [92mINFO[0m: [92mUpdate largest qps with concurrency 20: current max_qps=914.9811[0m (mp_runner.py:156) (1035104)
2026-04-01 08:41:05,705 | [92mINFO[0m: [92mStart search 30s in concurrency 30, filters: type=<FilterOp.NonFilter: 'NonFilter'> filter_rate=0.0 gt_file_name='neighbors.parquet'[0m (mp_runner.py:129) (1035104)
2026-04-01 08:41:15,882 | [92mINFO[0m: [92mSyncing all process and start concurrency search, concurrency=30[0m (mp_runner.py:136) (1035104)
2026-04-01 08:41:45,927 | [92mINFO[0m: [92mSpawnProcess-1:57 search 30s: actual_dur=30.0024s, count=838, qps in this process: 27.9311[0m (mp_runner.py:101) (1037202)
2026-04-01 08:41:45,946 | [92mINFO[0m: [92mSpawnProcess-1:54 search 30s: actual_dur=30.0211s, count=865, qps in this process: 28.8131[0m (mp_runner.py:101) (1037199)
2026-04-01 08:41:45,954 | [92mINFO[0m: [92mSpawnProcess-1:67 search 30s: actual_dur=30.0026s, count=872, qps in this process: 29.0641[0m (mp_runner.py:101) (1037212)
2026-04-01 08:41:45,964 | [92mINFO[0m: [92mSpawnProcess-1:66 search 30s: actual_dur=30.0059s, count=860, qps in this process: 28.661[0m (mp_runner.py:101) (1037211)
2026-04-01 08:41:45,972 | [92mINFO[0m: [92mSpawnProcess-1:52 search 30s: actual_dur=30.0069s, count=878, qps in this process: 29.2599[0m (mp_runner.py:101) (1037197)
2026-04-01 08:41:45,984 | [92mINFO[0m: [92mSpawnProcess-1:50 search 30s: actual_dur=30.0078s, count=853, qps in this process: 28.4259[0m (mp_runner.py:101) (1037195)
2026-04-01 08:41:45,993 | [92mINFO[0m: [92mSpawnProcess-1:72 search 30s: actual_dur=30.0006s, count=860, qps in this process: 28.6661[0m (mp_runner.py:101) (1037217)
2026-04-01 08:41:46,004 | [92mINFO[0m: [92mSpawnProcess-1:60 search 30s: actual_dur=30.0275s, count=854, qps in this process: 28.4406[0m (mp_runner.py:101) (1037205)
2026-04-01 08:41:46,005 | [92mINFO[0m: [92mSpawnProcess-1:45 search 30s: actual_dur=30.0095s, count=866, qps in this process: 28.8575[0m (mp_runner.py:101) (1037190)
2026-04-01 08:41:46,009 | [92mINFO[0m: [92mSpawnProcess-1:64 search 30s: actual_dur=30.0066s, count=864, qps in this process: 28.7937[0m (mp_runner.py:101) (1037209)
2026-04-01 08:41:46,012 | [92mINFO[0m: [92mSpawnProcess-1:44 search 30s: actual_dur=30.0157s, count=851, qps in this process: 28.3518[0m (mp_runner.py:101) (1037187)
2026-04-01 08:41:46,014 | [92mINFO[0m: [92mSpawnProcess-1:61 search 30s: actual_dur=30.0102s, count=864, qps in this process: 28.7902[0m (mp_runner.py:101) (1037206)
2026-04-01 08:41:46,026 | [92mINFO[0m: [92mSpawnProcess-1:49 search 30s: actual_dur=30.0126s, count=873, qps in this process: 29.0878[0m (mp_runner.py:101) (1037194)
2026-04-01 08:41:46,038 | [92mINFO[0m: [92mSpawnProcess-1:48 search 30s: actual_dur=30.0189s, count=850, qps in this process: 28.3155[0m (mp_runner.py:101) (1037193)
2026-04-01 08:41:46,050 | [92mINFO[0m: [92mSpawnProcess-1:55 search 30s: actual_dur=30.012s, count=835, qps in this process: 27.8222[0m (mp_runner.py:101) (1037200)
2026-04-01 08:41:46,051 | [92mINFO[0m: [92mSpawnProcess-1:71 search 30s: actual_dur=30.0034s, count=842, qps in this process: 28.0635[0m (mp_runner.py:101) (1037216)
2026-04-01 08:41:46,055 | [92mINFO[0m: [92mSpawnProcess-1:47 search 30s: actual_dur=30.0028s, count=862, qps in this process: 28.7307[0m (mp_runner.py:101) (1037192)
2026-04-01 08:41:46,056 | [92mINFO[0m: [92mSpawnProcess-1:51 search 30s: actual_dur=30.0016s, count=870, qps in this process: 28.9985[0m (mp_runner.py:101) (1037196)
2026-04-01 08:41:46,059 | [92mINFO[0m: [92mSpawnProcess-1:70 search 30s: actual_dur=30.0004s, count=859, qps in this process: 28.633[0m (mp_runner.py:101) (1037215)
2026-04-01 08:41:46,059 | [92mINFO[0m: [92mSpawnProcess-1:58 search 30s: actual_dur=30.0181s, count=878, qps in this process: 29.249[0m (mp_runner.py:101) (1037203)
2026-04-01 08:41:46,069 | [92mINFO[0m: [92mSpawnProcess-1:46 search 30s: actual_dur=30.0079s, count=877, qps in this process: 29.2256[0m (mp_runner.py:101) (1037191)
2026-04-01 08:41:46,069 | [92mINFO[0m: [92mSpawnProcess-1:69 search 30s: actual_dur=30.0029s, count=856, qps in this process: 28.5306[0m (mp_runner.py:101) (1037214)
2026-04-01 08:41:46,071 | [92mINFO[0m: [92mSpawnProcess-1:56 search 30s: actual_dur=30.0075s, count=873, qps in this process: 29.0927[0m (mp_runner.py:101) (1037201)
2026-04-01 08:41:46,089 | [92mINFO[0m: [92mSpawnProcess-1:53 search 30s: actual_dur=30.0029s, count=874, qps in this process: 29.1305[0m (mp_runner.py:101) (1037198)
2026-04-01 08:41:46,094 | [92mINFO[0m: [92mSpawnProcess-1:68 search 30s: actual_dur=30.0018s, count=875, qps in this process: 29.1649[0m (mp_runner.py:101) (1037213)
2026-04-01 08:41:46,096 | [92mINFO[0m: [92mSpawnProcess-1:59 search 30s: actual_dur=30.0103s, count=876, qps in this process: 29.19[0m (mp_runner.py:101) (1037204)
2026-04-01 08:41:46,100 | [92mINFO[0m: [92mSpawnProcess-1:73 search 30s: actual_dur=30.0013s, count=852, qps in this process: 28.3988[0m (mp_runner.py:101) (1037218)
2026-04-01 08:41:46,100 | [92mINFO[0m: [92mSpawnProcess-1:63 search 30s: actual_dur=30.0125s, count=886, qps in this process: 29.521[0m (mp_runner.py:101) (1037208)
2026-04-01 08:41:46,124 | [92mINFO[0m: [92mSpawnProcess-1:62 search 30s: actual_dur=30.0088s, count=847, qps in this process: 28.2251[0m (mp_runner.py:101) (1037207)
2026-04-01 08:41:46,125 | [92mINFO[0m: [92mSpawnProcess-1:65 search 30s: actual_dur=30.0123s, count=885, qps in this process: 29.4879[0m (mp_runner.py:101) (1037210)
2026-04-01 08:41:46,135 | [92mINFO[0m: [92mEnd search in concurrency 30: dur=30.251700879074633s, total_count=25895, qps=855.9849[0m (mp_runner.py:152) (1035104)
2026-04-01 08:41:49,340 | [92mINFO[0m: [92mStart search 30s in concurrency 40, filters: type=<FilterOp.NonFilter: 'NonFilter'> filter_rate=0.0 gt_file_name='neighbors.parquet'[0m (mp_runner.py:129) (1035104)
2026-04-01 08:41:59,594 | [92mINFO[0m: [92mSyncing all process and start concurrency search, concurrency=40[0m (mp_runner.py:136) (1035104)
2026-04-01 08:42:29,684 | [92mINFO[0m: [92mSpawnProcess-1:91 search 30s: actual_dur=30.03s, count=616, qps in this process: 20.5128[0m (mp_runner.py:101) (1038037)
2026-04-01 08:42:29,685 | [92mINFO[0m: [92mSpawnProcess-1:95 search 30s: actual_dur=30.0132s, count=586, qps in this process: 19.5247[0m (mp_runner.py:101) (1038041)
2026-04-01 08:42:29,686 | [92mINFO[0m: [92mSpawnProcess-1:77 search 30s: actual_dur=30.0259s, count=584, qps in this process: 19.4499[0m (mp_runner.py:101) (1038023)
2026-04-01 08:42:29,686 | [92mINFO[0m: [92mSpawnProcess-1:82 search 30s: actual_dur=30.0286s, count=591, qps in this process: 19.6812[0m (mp_runner.py:101) (1038028)
2026-04-01 08:42:29,733 | [92mINFO[0m: [92mSpawnProcess-1:86 search 30s: actual_dur=30.0044s, count=602, qps in this process: 20.0637[0m (mp_runner.py:101) (1038032)
2026-04-01 08:42:29,735 | [92mINFO[0m: [92mSpawnProcess-1:90 search 30s: actual_dur=30.0061s, count=582, qps in this process: 19.3961[0m (mp_runner.py:101) (1038036)
2026-04-01 08:42:29,735 | [92mINFO[0m: [92mSpawnProcess-1:100 search 30s: actual_dur=30.0177s, count=592, qps in this process: 19.7217[0m (mp_runner.py:101) (1038046)
2026-04-01 08:42:29,735 | [92mINFO[0m: [92mSpawnProcess-1:103 search 30s: actual_dur=30.011s, count=601, qps in this process: 20.026[0m (mp_runner.py:101) (1038049)
2026-04-01 08:42:29,763 | [92mINFO[0m: [92mSpawnProcess-1:81 search 30s: actual_dur=30.0021s, count=562, qps in this process: 18.732[0m (mp_runner.py:101) (1038027)
2026-04-01 08:42:29,767 | [92mINFO[0m: [92mSpawnProcess-1:102 search 30s: actual_dur=30.0126s, count=580, qps in this process: 19.3252[0m (mp_runner.py:101) (1038048)
2026-04-01 08:42:29,771 | [92mINFO[0m: [92mSpawnProcess-1:114 search 30s: actual_dur=30.0147s, count=592, qps in this process: 19.7237[0m (mp_runner.py:101) (1038060)
2026-04-01 08:42:29,771 | [92mINFO[0m: [92mSpawnProcess-1:97 search 30s: actual_dur=30.0334s, count=572, qps in this process: 19.0455[0m (mp_runner.py:101) (1038043)
2026-04-01 08:42:29,772 | [92mINFO[0m: [92mSpawnProcess-1:109 search 30s: actual_dur=30.0036s, count=590, qps in this process: 19.6643[0m (mp_runner.py:101) (1038055)
2026-04-01 08:42:29,790 | [92mINFO[0m: [92mSpawnProcess-1:83 search 30s: actual_dur=30.0546s, count=586, qps in this process: 19.4978[0m (mp_runner.py:101) (1038029)
2026-04-01 08:42:29,796 | [92mINFO[0m: [92mSpawnProcess-1:92 search 30s: actual_dur=30.0003s, count=586, qps in this process: 19.5331[0m (mp_runner.py:101) (1038038)
2026-04-01 08:42:29,811 | [92mINFO[0m: [92mSpawnProcess-1:79 search 30s: actual_dur=30.0255s, count=589, qps in this process: 19.6167[0m (mp_runner.py:101) (1038025)
2026-04-01 08:42:29,811 | [92mINFO[0m: [92mSpawnProcess-1:76 search 30s: actual_dur=30.0031s, count=587, qps in this process: 19.5646[0m (mp_runner.py:101) (1038022)
2026-04-01 08:42:29,811 | [92mINFO[0m: [92mSpawnProcess-1:85 search 30s: actual_dur=30.009s, count=575, qps in this process: 19.1609[0m (mp_runner.py:101) (1038031)
2026-04-01 08:42:29,813 | [92mINFO[0m: [92mSpawnProcess-1:84 search 30s: actual_dur=30.0061s, count=586, qps in this process: 19.5294[0m (mp_runner.py:101) (1038030)
2026-04-01 08:42:29,814 | [92mINFO[0m: [92mSpawnProcess-1:104 search 30s: actual_dur=30.0226s, count=577, qps in this process: 19.2189[0m (mp_runner.py:101) (1038050)
2026-04-01 08:42:29,817 | [92mINFO[0m: [92mSpawnProcess-1:88 search 30s: actual_dur=30.007s, count=565, qps in this process: 18.8289[0m (mp_runner.py:101) (1038034)
2026-04-01 08:42:29,840 | [92mINFO[0m: [92mSpawnProcess-1:99 search 30s: actual_dur=30.0251s, count=581, qps in this process: 19.3505[0m (mp_runner.py:101) (1038045)
2026-04-01 08:42:29,842 | [92mINFO[0m: [92mSpawnProcess-1:96 search 30s: actual_dur=30.0276s, count=591, qps in this process: 19.6819[0m (mp_runner.py:101) (1038042)
2026-04-01 08:42:29,845 | [92mINFO[0m: [92mSpawnProcess-1:105 search 30s: actual_dur=30.0201s, count=599, qps in this process: 19.9533[0m (mp_runner.py:101) (1038051)
2026-04-01 08:42:29,847 | [92mINFO[0m: [92mSpawnProcess-1:94 search 30s: actual_dur=30.0056s, count=575, qps in this process: 19.1631[0m (mp_runner.py:101) (1038040)
2026-04-01 08:42:29,850 | [92mINFO[0m: [92mSpawnProcess-1:108 search 30s: actual_dur=30.0154s, count=580, qps in this process: 19.3234[0m (mp_runner.py:101) (1038054)
2026-04-01 08:42:29,851 | [92mINFO[0m: [92mSpawnProcess-1:106 search 30s: actual_dur=30.0018s, count=587, qps in this process: 19.5655[0m (mp_runner.py:101) (1038052)
2026-04-01 08:42:29,865 | [92mINFO[0m: [92mSpawnProcess-1:75 search 30s: actual_dur=30.013s, count=580, qps in this process: 19.325[0m (mp_runner.py:101) (1038019)
2026-04-01 08:42:29,890 | [92mINFO[0m: [92mSpawnProcess-1:78 search 30s: actual_dur=30.0079s, count=597, qps in this process: 19.8948[0m (mp_runner.py:101) (1038024)
2026-04-01 08:42:29,892 | [92mINFO[0m: [92mSpawnProcess-1:87 search 30s: actual_dur=30.0021s, count=591, qps in this process: 19.6986[0m (mp_runner.py:101) (1038033)
2026-04-01 08:42:29,894 | [92mINFO[0m: [92mSpawnProcess-1:111 search 30s: actual_dur=30.0086s, count=591, qps in this process: 19.6944[0m (mp_runner.py:101) (1038057)
2026-04-01 08:42:29,900 | [92mINFO[0m: [92mSpawnProcess-1:89 search 30s: actual_dur=30.0073s, count=586, qps in this process: 19.5286[0m (mp_runner.py:101) (1038035)
2026-04-01 08:42:29,901 | [92mINFO[0m: [92mSpawnProcess-1:101 search 30s: actual_dur=30.0108s, count=573, qps in this process: 19.0931[0m (mp_runner.py:101) (1038047)
2026-04-01 08:42:29,904 | [92mINFO[0m: [92mSpawnProcess-1:93 search 30s: actual_dur=30.0018s, count=575, qps in this process: 19.1655[0m (mp_runner.py:101) (1038039)
2026-04-01 08:42:29,905 | [92mINFO[0m: [92mSpawnProcess-1:110 search 30s: actual_dur=30.0126s, count=579, qps in this process: 19.2919[0m (mp_runner.py:101) (1038056)
2026-04-01 08:42:29,907 | [92mINFO[0m: [92mSpawnProcess-1:107 search 30s: actual_dur=30.0053s, count=589, qps in this process: 19.6299[0m (mp_runner.py:101) (1038053)
2026-04-01 08:42:29,915 | [92mINFO[0m: [92mSpawnProcess-1:98 search 30s: actual_dur=30.0013s, count=604, qps in this process: 20.1325[0m (mp_runner.py:101) (1038044)
2026-04-01 08:42:29,922 | [92mINFO[0m: [92mSpawnProcess-1:112 search 30s: actual_dur=30.0104s, count=603, qps in this process: 20.093[0m (mp_runner.py:101) (1038058)
2026-04-01 08:42:29,926 | [92mINFO[0m: [92mSpawnProcess-1:80 search 30s: actual_dur=30.0084s, count=598, qps in this process: 19.9278[0m (mp_runner.py:101) (1038026)
2026-04-01 08:42:29,929 | [92mINFO[0m: [92mSpawnProcess-1:113 search 30s: actual_dur=30.0117s, count=597, qps in this process: 19.8922[0m (mp_runner.py:101) (1038059)
2026-04-01 08:42:29,941 | [92mINFO[0m: [92mEnd search in concurrency 40: dur=30.345584876835346s, total_count=23477, qps=773.6546[0m (mp_runner.py:152) (1035104)
2026-04-01 08:42:33,646 | [92mINFO[0m: [92mStart search 30s in concurrency 60, filters: type=<FilterOp.NonFilter: 'NonFilter'> filter_rate=0.0 gt_file_name='neighbors.parquet'[0m (mp_runner.py:129) (1035104)
2026-04-01 08:42:53,989 | [92mINFO[0m: [92mSyncing all process and start concurrency search, concurrency=60[0m (mp_runner.py:136) (1035104)
2026-04-01 08:43:24,046 | [92mINFO[0m: [92mSpawnProcess-1:117 search 30s: actual_dur=30.0032s, count=235, qps in this process: 7.8325[0m (mp_runner.py:101) (1039122)
2026-04-01 08:43:24,067 | [92mINFO[0m: [92mSpawnProcess-1:122 search 30s: actual_dur=30.0383s, count=245, qps in this process: 8.1563[0m (mp_runner.py:101) (1039127)
2026-04-01 08:43:24,080 | [92mINFO[0m: [92mSpawnProcess-1:118 search 30s: actual_dur=30.043s, count=263, qps in this process: 8.7541[0m (mp_runner.py:101) (1039123)
2026-04-01 08:43:24,085 | [92mINFO[0m: [92mSpawnProcess-1:129 search 30s: actual_dur=30.0557s, count=249, qps in this process: 8.2846[0m (mp_runner.py:101) (1039134)
2026-04-01 08:43:24,108 | [92mINFO[0m: [92mSpawnProcess-1:121 search 30s: actual_dur=30.0317s, count=289, qps in this process: 9.6232[0m (mp_runner.py:101) (1039126)
2026-04-01 08:43:24,109 | [92mINFO[0m: [92mSpawnProcess-1:125 search 30s: actual_dur=30.0313s, count=204, qps in this process: 6.7929[0m (mp_runner.py:101) (1039130)
2026-04-01 08:43:24,109 | [92mINFO[0m: [92mSpawnProcess-1:136 search 30s: actual_dur=30.0437s, count=265, qps in this process: 8.8205[0m (mp_runner.py:101) (1039141)
2026-04-01 08:43:24,126 | [92mINFO[0m: [92mSpawnProcess-1:164 search 30s: actual_dur=30.0535s, count=224, qps in this process: 7.4534[0m (mp_runner.py:101) (1039169)
2026-04-01 08:43:24,136 | [92mINFO[0m: [92mSpawnProcess-1:134 search 30s: actual_dur=30.0351s, count=231, qps in this process: 7.691[0m (mp_runner.py:101) (1039139)
2026-04-01 08:43:24,136 | [92mINFO[0m: [92mSpawnProcess-1:128 search 30s: actual_dur=30.0693s, count=260, qps in this process: 8.6467[0m (mp_runner.py:101) (1039133)
2026-04-01 08:43:24,173 | [92mINFO[0m: [92mSpawnProcess-1:116 search 30s: actual_dur=30.0992s, count=223, qps in this process: 7.4088[0m (mp_runner.py:101) (1039119)
2026-04-01 08:43:24,184 | [92mINFO[0m: [92mSpawnProcess-1:124 search 30s: actual_dur=30.1051s, count=209, qps in this process: 6.9423[0m (mp_runner.py:101) (1039129)
2026-04-01 08:43:24,186 | [92mINFO[0m: [92mSpawnProcess-1:120 search 30s: actual_dur=30.1527s, count=255, qps in this process: 8.457[0m (mp_runner.py:101) (1039125)
2026-04-01 08:43:24,193 | [92mINFO[0m: [92mSpawnProcess-1:135 search 30s: actual_dur=30.0746s, count=202, qps in this process: 6.7166[0m (mp_runner.py:101) (1039140)
2026-04-01 08:43:24,214 | [92mINFO[0m: [92mSpawnProcess-1:123 search 30s: actual_dur=30.1401s, count=273, qps in this process: 9.0577[0m (mp_runner.py:101) (1039128)
2026-04-01 08:43:24,232 | [92mINFO[0m: [92mSpawnProcess-1:126 search 30s: actual_dur=30.1028s, count=263, qps in this process: 8.7367[0m (mp_runner.py:101) (1039131)
2026-04-01 08:43:24,250 | [92mINFO[0m: [92mSpawnProcess-1:166 search 30s: actual_dur=30.0026s, count=236, qps in this process: 7.866[0m (mp_runner.py:101) (1039171)
2026-04-01 08:43:24,253 | [92mINFO[0m: [92mSpawnProcess-1:133 search 30s: actual_dur=30.1046s, count=261, qps in this process: 8.6698[0m (mp_runner.py:101) (1039138)
2026-04-01 08:43:24,253 | [92mINFO[0m: [92mSpawnProcess-1:130 search 30s: actual_dur=30.1128s, count=266, qps in this process: 8.8335[0m (mp_runner.py:101) (1039135)
2026-04-01 08:43:24,253 | [92mINFO[0m: [92mSpawnProcess-1:127 search 30s: actual_dur=30.1312s, count=264, qps in this process: 8.7617[0m (mp_runner.py:101) (1039132)
2026-04-01 08:43:24,254 | [92mINFO[0m: [92mSpawnProcess-1:132 search 30s: actual_dur=30.1145s, count=212, qps in this process: 7.0398[0m (mp_runner.py:101) (1039137)
2026-04-01 08:43:24,255 | [92mINFO[0m: [92mSpawnProcess-1:138 search 30s: actual_dur=30.0266s, count=232, qps in this process: 7.7265[0m (mp_runner.py:101) (1039143)
2026-04-01 08:43:24,256 | [92mINFO[0m: [92mSpawnProcess-1:143 search 30s: actual_dur=30.0197s, count=260, qps in this process: 8.661[0m (mp_runner.py:101) (1039148)
2026-04-01 08:43:24,257 | [92mINFO[0m: [92mSpawnProcess-1:157 search 30s: actual_dur=30.0287s, count=239, qps in this process: 7.9591[0m (mp_runner.py:101) (1039162)
2026-04-01 08:43:24,257 | [92mINFO[0m: [92mSpawnProcess-1:139 search 30s: actual_dur=30.1235s, count=209, qps in this process: 6.9381[0m (mp_runner.py:101) (1039144)
2026-04-01 08:43:24,261 | [92mINFO[0m: [92mSpawnProcess-1:137 search 30s: actual_dur=30.1146s, count=232, qps in this process: 7.7039[0m (mp_runner.py:101) (1039142)
2026-04-01 08:43:24,265 | [92mINFO[0m: [92mSpawnProcess-1:170 search 30s: actual_dur=30.1089s, count=271, qps in this process: 9.0007[0m (mp_runner.py:101) (1039175)
2026-04-01 08:43:24,268 | [92mINFO[0m: [92mSpawnProcess-1:174 search 30s: actual_dur=30.0412s, count=221, qps in this process: 7.3566[0m (mp_runner.py:101) (1039179)
2026-04-01 08:43:24,281 | [92mINFO[0m: [92mSpawnProcess-1:171 search 30s: actual_dur=30.0127s, count=257, qps in this process: 8.563[0m (mp_runner.py:101) (1039176)
2026-04-01 08:43:24,282 | [92mINFO[0m: [92mSpawnProcess-1:119 search 30s: actual_dur=30.027s, count=242, qps in this process: 8.0594[0m (mp_runner.py:101) (1039124)
2026-04-01 08:43:24,293 | [92mINFO[0m: [92mSpawnProcess-1:161 search 30s: actual_dur=30.0559s, count=213, qps in this process: 7.0868[0m (mp_runner.py:101) (1039166)
2026-04-01 08:43:24,294 | [92mINFO[0m: [92mSpawnProcess-1:145 search 30s: actual_dur=30.0563s, count=242, qps in this process: 8.0516[0m (mp_runner.py:101) (1039150)
2026-04-01 08:43:24,295 | [92mINFO[0m: [92mSpawnProcess-1:144 search 30s: actual_dur=30.0314s, count=232, qps in this process: 7.7252[0m (mp_runner.py:101) (1039149)
2026-04-01 08:43:24,296 | [92mINFO[0m: [92mSpawnProcess-1:141 search 30s: actual_dur=30.0412s, count=230, qps in this process: 7.6562[0m (mp_runner.py:101) (1039146)
2026-04-01 08:43:24,311 | [92mINFO[0m: [92mSpawnProcess-1:156 search 30s: actual_dur=30.0158s, count=226, qps in this process: 7.5294[0m (mp_runner.py:101) (1039161)
2026-04-01 08:43:24,315 | [92mINFO[0m: [92mSpawnProcess-1:168 search 30s: actual_dur=30.0419s, count=223, qps in this process: 7.423[0m (mp_runner.py:101) (1039173)
2026-04-01 08:43:24,316 | [92mINFO[0m: [92mSpawnProcess-1:148 search 30s: actual_dur=30.0352s, count=265, qps in this process: 8.823[0m (mp_runner.py:101) (1039153)
2026-04-01 08:43:24,322 | [92mINFO[0m: [92mSpawnProcess-1:149 search 30s: actual_dur=30.0091s, count=233, qps in this process: 7.7643[0m (mp_runner.py:101) (1039154)
2026-04-01 08:43:24,334 | [92mINFO[0m: [92mSpawnProcess-1:154 search 30s: actual_dur=30.0205s, count=220, qps in this process: 7.3283[0m (mp_runner.py:101) (1039159)
2026-04-01 08:43:24,335 | [92mINFO[0m: [92mSpawnProcess-1:140 search 30s: actual_dur=30.0167s, count=199, qps in this process: 6.6296[0m (mp_runner.py:101) (1039145)
2026-04-01 08:43:24,336 | [92mINFO[0m: [92mSpawnProcess-1:146 search 30s: actual_dur=30.0011s, count=232, qps in this process: 7.733[0m (mp_runner.py:101) (1039151)
2026-04-01 08:43:24,343 | [92mINFO[0m: [92mSpawnProcess-1:163 search 30s: actual_dur=30.0007s, count=221, qps in this process: 7.3665[0m (mp_runner.py:101) (1039168)
2026-04-01 08:43:24,350 | [92mINFO[0m: [92mSpawnProcess-1:175 search 30s: actual_dur=30.0086s, count=225, qps in this process: 7.4979[0m (mp_runner.py:101) (1039180)
2026-04-01 08:43:24,350 | [92mINFO[0m: [92mSpawnProcess-1:150 search 30s: actual_dur=30.0021s, count=250, qps in this process: 8.3328[0m (mp_runner.py:101) (1039155)
2026-04-01 08:43:24,353 | [92mINFO[0m: [92mSpawnProcess-1:172 search 30s: actual_dur=30.0214s, count=232, qps in this process: 7.7278[0m (mp_runner.py:101) (1039177)
2026-04-01 08:43:24,365 | [92mINFO[0m: [92mSpawnProcess-1:159 search 30s: actual_dur=30.0023s, count=234, qps in this process: 7.7994[0m (mp_runner.py:101) (1039164)
2026-04-01 08:43:24,369 | [92mINFO[0m: [92mSpawnProcess-1:165 search 30s: actual_dur=30.0157s, count=206, qps in this process: 6.8631[0m (mp_runner.py:101) (1039170)
2026-04-01 08:43:24,373 | [92mINFO[0m: [92mSpawnProcess-1:131 search 30s: actual_dur=30.0035s, count=228, qps in this process: 7.5991[0m (mp_runner.py:101) (1039136)
2026-04-01 08:43:24,376 | [92mINFO[0m: [92mSpawnProcess-1:151 search 30s: actual_dur=30.0151s, count=206, qps in this process: 6.8632[0m (mp_runner.py:101) (1039156)
2026-04-01 08:43:24,378 | [92mINFO[0m: [92mSpawnProcess-1:147 search 30s: actual_dur=30.0044s, count=220, qps in this process: 7.3323[0m (mp_runner.py:101) (1039152)
2026-04-01 08:43:24,381 | [92mINFO[0m: [92mSpawnProcess-1:142 search 30s: actual_dur=30.0049s, count=224, qps in this process: 7.4654[0m (mp_runner.py:101) (1039147)
2026-04-01 08:43:24,386 | [92mINFO[0m: [92mSpawnProcess-1:155 search 30s: actual_dur=30.0095s, count=224, qps in this process: 7.4643[0m (mp_runner.py:101) (1039160)
2026-04-01 08:43:24,395 | [92mINFO[0m: [92mSpawnProcess-1:160 search 30s: actual_dur=30.0035s, count=221, qps in this process: 7.3658[0m (mp_runner.py:101) (1039165)
2026-04-01 08:43:24,397 | [92mINFO[0m: [92mSpawnProcess-1:153 search 30s: actual_dur=30.0081s, count=232, qps in this process: 7.7312[0m (mp_runner.py:101) (1039158)
2026-04-01 08:43:24,398 | [92mINFO[0m: [92mSpawnProcess-1:167 search 30s: actual_dur=30.0048s, count=220, qps in this process: 7.3322[0m (mp_runner.py:101) (1039172)
2026-04-01 08:43:24,401 | [92mINFO[0m: [92mSpawnProcess-1:162 search 30s: actual_dur=30.0087s, count=240, qps in this process: 7.9977[0m (mp_runner.py:101) (1039167)
2026-04-01 08:43:24,408 | [92mINFO[0m: [92mSpawnProcess-1:152 search 30s: actual_dur=30.0096s, count=188, qps in this process: 6.2647[0m (mp_runner.py:101) (1039157)
2026-04-01 08:43:24,410 | [92mINFO[0m: [92mSpawnProcess-1:173 search 30s: actual_dur=30.005s, count=235, qps in this process: 7.832[0m (mp_runner.py:101) (1039178)
2026-04-01 08:43:24,418 | [92mINFO[0m: [92mSpawnProcess-1:169 search 30s: actual_dur=30.0077s, count=257, qps in this process: 8.5645[0m (mp_runner.py:101) (1039174)
2026-04-01 08:43:24,424 | [92mINFO[0m: [92mSpawnProcess-1:158 search 30s: actual_dur=30.0026s, count=235, qps in this process: 7.8327[0m (mp_runner.py:101) (1039163)
2026-04-01 08:43:24,431 | [92mINFO[0m: [92mEnd search in concurrency 60: dur=30.440490301698446s, total_count=14105, qps=463.3631[0m (mp_runner.py:152) (1035104)
2026-04-01 08:43:29,007 | [92mINFO[0m: [92mStart search 30s in concurrency 80, filters: type=<FilterOp.NonFilter: 'NonFilter'> filter_rate=0.0 gt_file_name='neighbors.parquet'[0m (mp_runner.py:129) (1035104)
2026-04-01 08:43:49,575 | [92mINFO[0m: [92mSyncing all process and start concurrency search, concurrency=80[0m (mp_runner.py:136) (1035104)
2026-04-01 08:44:19,683 | [92mINFO[0m: [92mSpawnProcess-1:178 search 30s: actual_dur=30.0031s, count=178, qps in this process: 5.9327[0m (mp_runner.py:101) (1040762)
2026-04-01 08:44:19,750 | [92mINFO[0m: [92mSpawnProcess-1:196 search 30s: actual_dur=30.0198s, count=180, qps in this process: 5.996[0m (mp_runner.py:101) (1040780)
2026-04-01 08:44:19,758 | [92mINFO[0m: [92mSpawnProcess-1:193 search 30s: actual_dur=30.0783s, count=173, qps in this process: 5.7517[0m (mp_runner.py:101) (1040777)
2026-04-01 08:44:19,804 | [92mINFO[0m: [92mSpawnProcess-1:195 search 30s: actual_dur=30.0336s, count=138, qps in this process: 4.5949[0m (mp_runner.py:101) (1040779)
2026-04-01 08:44:19,844 | [92mINFO[0m: [92mSpawnProcess-1:215 search 30s: actual_dur=30.0097s, count=200, qps in this process: 6.6645[0m (mp_runner.py:101) (1040799)
2026-04-01 08:44:19,848 | [92mINFO[0m: [92mSpawnProcess-1:198 search 30s: actual_dur=30.0595s, count=181, qps in this process: 6.0214[0m (mp_runner.py:101) (1040782)
2026-04-01 08:44:19,865 | [92mINFO[0m: [92mSpawnProcess-1:206 search 30s: actual_dur=30.1249s, count=153, qps in this process: 5.0789[0m (mp_runner.py:101) (1040790)
2026-04-01 08:44:19,903 | [92mINFO[0m: [92mSpawnProcess-1:223 search 30s: actual_dur=30.0315s, count=205, qps in this process: 6.8262[0m (mp_runner.py:101) (1040807)
2026-04-01 08:44:19,919 | [92mINFO[0m: [92mSpawnProcess-1:204 search 30s: actual_dur=30.1915s, count=201, qps in this process: 6.6575[0m (mp_runner.py:101) (1040788)
2026-04-01 08:44:19,963 | [92mINFO[0m: [92mSpawnProcess-1:194 search 30s: actual_dur=30.2205s, count=235, qps in this process: 7.7762[0m (mp_runner.py:101) (1040778)
2026-04-01 08:44:19,972 | [92mINFO[0m: [92mSpawnProcess-1:199 search 30s: actual_dur=30.3267s, count=209, qps in this process: 6.8916[0m (mp_runner.py:101) (1040783)
2026-04-01 08:44:19,989 | [92mINFO[0m: [92mSpawnProcess-1:212 search 30s: actual_dur=30.0029s, count=109, qps in this process: 3.633[0m (mp_runner.py:101) (1040796)
2026-04-01 08:44:19,999 | [92mINFO[0m: [92mSpawnProcess-1:256 search 30s: actual_dur=30.0054s, count=124, qps in this process: 4.1326[0m (mp_runner.py:101) (1040840)
2026-04-01 08:44:20,021 | [92mINFO[0m: [92mSpawnProcess-1:181 search 30s: actual_dur=30.3679s, count=96, qps in this process: 3.1612[0m (mp_runner.py:101) (1040765)
2026-04-01 08:44:20,025 | [92mINFO[0m: [92mSpawnProcess-1:232 search 30s: actual_dur=30.058s, count=161, qps in this process: 5.3563[0m (mp_runner.py:101) (1040816)
2026-04-01 08:44:20,033 | [92mINFO[0m: [92mSpawnProcess-1:214 search 30s: actual_dur=30.2005s, count=131, qps in this process: 4.3377[0m (mp_runner.py:101) (1040798)
2026-04-01 08:44:20,069 | [92mINFO[0m: [92mSpawnProcess-1:207 search 30s: actual_dur=30.249s, count=182, qps in this process: 6.0167[0m (mp_runner.py:101) (1040791)
2026-04-01 08:44:20,090 | [92mINFO[0m: [92mSpawnProcess-1:250 search 30s: actual_dur=30.1005s, count=156, qps in this process: 5.1826[0m (mp_runner.py:101) (1040834)
2026-04-01 08:44:20,107 | [92mINFO[0m: [92mSpawnProcess-1:225 search 30s: actual_dur=30.0711s, count=89, qps in this process: 2.9597[0m (mp_runner.py:101) (1040809)
2026-04-01 08:44:20,107 | [92mINFO[0m: [92mSpawnProcess-1:227 search 30s: actual_dur=30.0403s, count=187, qps in this process: 6.225[0m (mp_runner.py:101) (1040811)
2026-04-01 08:44:20,108 | [92mINFO[0m: [92mSpawnProcess-1:182 search 30s: actual_dur=30.4859s, count=200, qps in this process: 6.5604[0m (mp_runner.py:101) (1040766)
2026-04-01 08:44:20,108 | [92mINFO[0m: [92mSpawnProcess-1:253 search 30s: actual_dur=30.0842s, count=213, qps in this process: 7.0801[0m (mp_runner.py:101) (1040837)
2026-04-01 08:44:20,108 | [92mINFO[0m: [92mSpawnProcess-1:211 search 30s: actual_dur=30.0366s, count=215, qps in this process: 7.1579[0m (mp_runner.py:101) (1040795)
2026-04-01 08:44:20,121 | [92mINFO[0m: [92mSpawnProcess-1:243 search 30s: actual_dur=30.0074s, count=99, qps in this process: 3.2992[0m (mp_runner.py:101) (1040827)
2026-04-01 08:44:20,125 | [92mINFO[0m: [92mSpawnProcess-1:255 search 30s: actual_dur=30.0157s, count=109, qps in this process: 3.6314[0m (mp_runner.py:101) (1040839)
2026-04-01 08:44:20,134 | [92mINFO[0m: [92mSpawnProcess-1:242 search 30s: actual_dur=30.165s, count=132, qps in this process: 4.3759[0m (mp_runner.py:101) (1040826)
2026-04-01 08:44:20,138 | [92mINFO[0m: [92mSpawnProcess-1:252 search 30s: actual_dur=30.0115s, count=122, qps in this process: 4.0651[0m (mp_runner.py:101) (1040836)
2026-04-01 08:44:20,156 | [92mINFO[0m: [92mSpawnProcess-1:229 search 30s: actual_dur=30.1659s, count=131, qps in this process: 4.3427[0m (mp_runner.py:101) (1040813)
2026-04-01 08:44:20,162 | [92mINFO[0m: [92mSpawnProcess-1:244 search 30s: actual_dur=30.0601s, count=218, qps in this process: 7.2521[0m (mp_runner.py:101) (1040828)
2026-04-01 08:44:20,171 | [92mINFO[0m: [92mSpawnProcess-1:249 search 30s: actual_dur=30.1089s, count=195, qps in this process: 6.4765[0m (mp_runner.py:101) (1040833)
2026-04-01 08:44:20,172 | [92mINFO[0m: [92mSpawnProcess-1:247 search 30s: actual_dur=30.0712s, count=92, qps in this process: 3.0594[0m (mp_runner.py:101) (1040831)
2026-04-01 08:44:20,177 | [92mINFO[0m: [92mSpawnProcess-1:235 search 30s: actual_dur=30.2506s, count=232, qps in this process: 7.6693[0m (mp_runner.py:101) (1040819)
2026-04-01 08:44:20,181 | [92mINFO[0m: [92mSpawnProcess-1:188 search 30s: actual_dur=30.4105s, count=203, qps in this process: 6.6753[0m (mp_runner.py:101) (1040772)
2026-04-01 08:44:20,183 | [92mINFO[0m: [92mSpawnProcess-1:238 search 30s: actual_dur=30.2134s, count=199, qps in this process: 6.5865[0m (mp_runner.py:101) (1040822)
2026-04-01 08:44:20,188 | [92mINFO[0m: [92mSpawnProcess-1:219 search 30s: actual_dur=30.0825s, count=110, qps in this process: 3.6566[0m (mp_runner.py:101) (1040803)
2026-04-01 08:44:20,194 | [92mINFO[0m: [92mSpawnProcess-1:222 search 30s: actual_dur=30.115s, count=179, qps in this process: 5.9439[0m (mp_runner.py:101) (1040806)
2026-04-01 08:44:20,196 | [92mINFO[0m: [92mSpawnProcess-1:233 search 30s: actual_dur=30.115s, count=171, qps in this process: 5.6782[0m (mp_runner.py:101) (1040817)
2026-04-01 08:44:20,198 | [92mINFO[0m: [92mSpawnProcess-1:189 search 30s: actual_dur=30.4825s, count=166, qps in this process: 5.4457[0m (mp_runner.py:101) (1040773)
2026-04-01 08:44:20,200 | [92mINFO[0m: [92mSpawnProcess-1:183 search 30s: actual_dur=30.4962s, count=189, qps in this process: 6.1975[0m (mp_runner.py:101) (1040767)
2026-04-01 08:44:20,206 | [92mINFO[0m: [92mSpawnProcess-1:205 search 30s: actual_dur=30.2455s, count=127, qps in this process: 4.199[0m (mp_runner.py:101) (1040789)
2026-04-01 08:44:20,208 | [92mINFO[0m: [92mSpawnProcess-1:192 search 30s: actual_dur=30.4695s, count=117, qps in this process: 3.8399[0m (mp_runner.py:101) (1040776)
2026-04-01 08:44:20,209 | [92mINFO[0m: [92mSpawnProcess-1:226 search 30s: actual_dur=30.3742s, count=133, qps in this process: 4.3787[0m (mp_runner.py:101) (1040810)
2026-04-01 08:44:20,216 | [92mINFO[0m: [92mSpawnProcess-1:216 search 30s: actual_dur=30.384s, count=123, qps in this process: 4.0482[0m (mp_runner.py:101) (1040800)
2026-04-01 08:44:20,217 | [92mINFO[0m: [92mSpawnProcess-1:185 search 30s: actual_dur=30.3585s, count=159, qps in this process: 5.2374[0m (mp_runner.py:101) (1040769)
2026-04-01 08:44:20,226 | [92mINFO[0m: [92mSpawnProcess-1:201 search 30s: actual_dur=30.4234s, count=196, qps in this process: 6.4424[0m (mp_runner.py:101) (1040785)
2026-04-01 08:44:20,227 | [92mINFO[0m: [92mSpawnProcess-1:248 search 30s: actual_dur=30.2533s, count=124, qps in this process: 4.0987[0m (mp_runner.py:101) (1040832)
2026-04-01 08:44:20,229 | [92mINFO[0m: [92mSpawnProcess-1:220 search 30s: actual_dur=30.1913s, count=144, qps in this process: 4.7696[0m (mp_runner.py:101) (1040804)
2026-04-01 08:44:20,228 | [92mINFO[0m: [92mSpawnProcess-1:190 search 30s: actual_dur=30.5522s, count=187, qps in this process: 6.1207[0m (mp_runner.py:101) (1040774)
2026-04-01 08:44:20,232 | [92mINFO[0m: [92mSpawnProcess-1:210 search 30s: actual_dur=30.4547s, count=130, qps in this process: 4.2686[0m (mp_runner.py:101) (1040794)
2026-04-01 08:44:20,234 | [92mINFO[0m: [92mSpawnProcess-1:203 search 30s: actual_dur=30.4429s, count=167, qps in this process: 5.4857[0m (mp_runner.py:101) (1040787)
2026-04-01 08:44:20,236 | [92mINFO[0m: [92mSpawnProcess-1:239 search 30s: actual_dur=30.1803s, count=106, qps in this process: 3.5122[0m (mp_runner.py:101) (1040823)
2026-04-01 08:44:20,236 | [92mINFO[0m: [92mSpawnProcess-1:246 search 30s: actual_dur=30.2246s, count=174, qps in this process: 5.7569[0m (mp_runner.py:101) (1040830)
2026-04-01 08:44:20,235 | [92mINFO[0m: [92mSpawnProcess-1:241 search 30s: actual_dur=30.6128s, count=126, qps in this process: 4.1159[0m (mp_runner.py:101) (1040825)
2026-04-01 08:44:20,242 | [92mINFO[0m: [92mSpawnProcess-1:217 search 30s: actual_dur=30.3742s, count=129, qps in this process: 4.247[0m (mp_runner.py:101) (1040801)
2026-04-01 08:44:20,244 | [92mINFO[0m: [92mSpawnProcess-1:221 search 30s: actual_dur=30.2189s, count=146, qps in this process: 4.8314[0m (mp_runner.py:101) (1040805)
2026-04-01 08:44:20,246 | [92mINFO[0m: [92mSpawnProcess-1:186 search 30s: actual_dur=30.5604s, count=164, qps in this process: 5.3664[0m (mp_runner.py:101) (1040770)
2026-04-01 08:44:20,247 | [92mINFO[0m: [92mSpawnProcess-1:191 search 30s: actual_dur=30.5369s, count=145, qps in this process: 4.7484[0m (mp_runner.py:101) (1040775)
2026-04-01 08:44:20,248 | [92mINFO[0m: [92mSpawnProcess-1:200 search 30s: actual_dur=30.554s, count=203, qps in this process: 6.644[0m (mp_runner.py:101) (1040784)
2026-04-01 08:44:20,249 | [92mINFO[0m: [92mSpawnProcess-1:240 search 30s: actual_dur=30.3712s, count=137, qps in this process: 4.5109[0m (mp_runner.py:101) (1040824)
2026-04-01 08:44:20,250 | [92mINFO[0m: [92mSpawnProcess-1:187 search 30s: actual_dur=30.6033s, count=228, qps in this process: 7.4502[0m (mp_runner.py:101) (1040771)
2026-04-01 08:44:20,257 | [92mINFO[0m: [92mSpawnProcess-1:218 search 30s: actual_dur=30.304s, count=129, qps in this process: 4.2569[0m (mp_runner.py:101) (1040802)
2026-04-01 08:44:20,259 | [92mINFO[0m: [92mSpawnProcess-1:184 search 30s: actual_dur=30.5869s, count=186, qps in this process: 6.081[0m (mp_runner.py:101) (1040768)
2026-04-01 08:44:20,259 | [92mINFO[0m: [92mSpawnProcess-1:180 search 30s: actual_dur=30.1711s, count=201, qps in this process: 6.662[0m (mp_runner.py:101) (1040764)
2026-04-01 08:44:20,259 | [92mINFO[0m: [92mSpawnProcess-1:202 search 30s: actual_dur=30.6141s, count=196, qps in this process: 6.4023[0m (mp_runner.py:101) (1040786)
2026-04-01 08:44:20,260 | [92mINFO[0m: [92mSpawnProcess-1:213 search 30s: actual_dur=30.3979s, count=175, qps in this process: 5.757[0m (mp_runner.py:101) (1040797)
2026-04-01 08:44:20,261 | [92mINFO[0m: [92mSpawnProcess-1:237 search 30s: actual_dur=30.1605s, count=117, qps in this process: 3.8792[0m (mp_runner.py:101) (1040821)
2026-04-01 08:44:20,262 | [92mINFO[0m: [92mSpawnProcess-1:197 search 30s: actual_dur=30.537s, count=181, qps in this process: 5.9272[0m (mp_runner.py:101) (1040781)
2026-04-01 08:44:20,264 | [92mINFO[0m: [92mSpawnProcess-1:179 search 30s: actual_dur=30.6012s, count=118, qps in this process: 3.8561[0m (mp_runner.py:101) (1040763)
2026-04-01 08:44:20,261 | [92mINFO[0m: [92mSpawnProcess-1:251 search 30s: actual_dur=30.3323s, count=158, qps in this process: 5.209[0m (mp_runner.py:101) (1040835)
2026-04-01 08:44:20,266 | [92mINFO[0m: [92mSpawnProcess-1:228 search 30s: actual_dur=30.1847s, count=127, qps in this process: 4.2074[0m (mp_runner.py:101) (1040812)
2026-04-01 08:44:20,267 | [92mINFO[0m: [92mSpawnProcess-1:208 search 30s: actual_dur=30.5075s, count=193, qps in this process: 6.3263[0m (mp_runner.py:101) (1040792)
2026-04-01 08:44:20,267 | [92mINFO[0m: [92mSpawnProcess-1:234 search 30s: actual_dur=30.1875s, count=152, qps in this process: 5.0352[0m (mp_runner.py:101) (1040818)
2026-04-01 08:44:20,272 | [92mINFO[0m: [92mSpawnProcess-1:230 search 30s: actual_dur=30.3243s, count=128, qps in this process: 4.221[0m (mp_runner.py:101) (1040814)
2026-04-01 08:44:20,274 | [92mINFO[0m: [92mSpawnProcess-1:177 search 30s: actual_dur=30.6408s, count=260, qps in this process: 8.4854[0m (mp_runner.py:101) (1040759)
2026-04-01 08:44:20,274 | [92mINFO[0m: [92mSpawnProcess-1:224 search 30s: actual_dur=30.1758s, count=235, qps in this process: 7.7877[0m (mp_runner.py:101) (1040808)
2026-04-01 08:44:20,276 | [92mINFO[0m: [92mSpawnProcess-1:209 search 30s: actual_dur=30.3463s, count=182, qps in this process: 5.9974[0m (mp_runner.py:101) (1040793)
2026-04-01 08:44:20,277 | [92mINFO[0m: [92mSpawnProcess-1:245 search 30s: actual_dur=30.1873s, count=119, qps in this process: 3.9421[0m (mp_runner.py:101) (1040829)
2026-04-01 08:44:20,279 | [92mINFO[0m: [92mSpawnProcess-1:236 search 30s: actual_dur=30.225s, count=193, qps in this process: 6.3854[0m (mp_runner.py:101) (1040820)
2026-04-01 08:44:20,276 | [92mINFO[0m: [92mSpawnProcess-1:254 search 30s: actual_dur=30.1819s, count=193, qps in this process: 6.3946[0m (mp_runner.py:101) (1040838)
2026-04-01 08:44:20,282 | [92mINFO[0m: [92mSpawnProcess-1:231 search 30s: actual_dur=30.3125s, count=128, qps in this process: 4.2227[0m (mp_runner.py:101) (1040815)
2026-04-01 08:44:20,295 | [92mINFO[0m: [92mEnd search in concurrency 80: dur=30.718260581605136s, total_count=12999, qps=423.1685[0m (mp_runner.py:152) (1035104)
2026-04-01 08:44:24,995 | [92mINFO[0m: [92mSpawnProcess-1 start serial search[0m (serial_runner.py:304) (1035104)
2026-04-01 08:44:27,006 | [92mINFO[0m: [92mSpawnProcess-1:257 start search the entire test_data to get recall and latency[0m (serial_runner.py:245) (1042923)
2026-04-01 08:44:37,951 | [92mINFO[0m: [92mSpawnProcess-1:257 search entire test_data: cost=9.9909s, queries=1000, avg_recall=0.9882, avg_ndcg=0.9899, avg_latency=0.01, p99=0.0151, p95=0.0135[0m (serial_runner.py:285) (1042923)
2026-04-01 08:44:38,384 | [92mINFO[0m: [92mPerformance case got result: Metric(max_load_count=0, insert_duration=12616.1405, optimize_duration=0.8165, load_duration=12616.9571, qps=914.9811, serial_latency_p99=np.float64(0.0151), serial_latency_p95=np.float64(0.0135), recall=np.float64(0.9882), ndcg=np.float64(0.9899), conc_num_list=[1, 5, 10, 20, 30, 40, 60, 80], conc_qps_list=[100.8032, 547.3525, 809.1227, 914.9811, 855.9849, 773.6546, 463.3631, 423.1685], conc_latency_p99_list=[np.float64(0.014939626371487975), np.float64(0.012439690306782726), np.float64(0.02469674250110984), np.float64(0.0388900027051568), np.float64(0.0770420154929162), np.float64(0.12537744306027893), np.float64(1.1576896265149075), np.float64(3.4221103357896223)], conc_latency_p95_list=[np.float64(0.013473909860476852), np.float64(0.011591904424130916), np.float64(0.020405813306570052), np.float64(0.03371879383921623), np.float64(0.05837265662848949), np.float64(0.10264043491333723), np.float64(0.25878405552357436), np.float64(0.4722734457813203)], conc_latency_avg_list=[np.float64(0.00989991895172118), np.float64(0.009116874640915425), np.float64(0.012321501313472094), np.float64(0.021736179359407016), np.float64(0.0347598742294807), np.float64(0.05113037738852425), np.float64(0.12778636646166164), np.float64(0.18623365538000042)], st_ideal_insert_duration=0, st_search_stage_list=[], st_search_time_list=[], st_max_qps_list_list=[], st_recall_list=[], st_ndcg_list=[], st_serial_latency_p99_list=[], st_serial_latency_p95_list=[], st_conc_failed_rate_list=[], st_conc_num_list_list=[], st_conc_qps_list_list=[], st_conc_latency_p99_list_list=[], st_conc_latency_p95_list_list=[], st_conc_latency_avg_list_list=[])[0m (task_runner.py:226) (1035104)
2026-04-01 08:44:38,385 | [92mINFO[0m: [92m[1/1] finish case: {'label': <CaseLabel.Performance: 2>, 'name': 'Search Performance Test (10M Dataset, 768 Dim)', 'dataset': {'data': {'name': 'Cohere', 'size': 10000000, 'dim': 768, 'metric_type': <MetricType.COSINE: 'COSINE'>}}, 'db': 'ActianVectorAI-main-bench'}, result=Metric(max_load_count=0, insert_duration=12616.1405, optimize_duration=0.8165, load_duration=12616.9571, qps=914.9811, serial_latency_p99=np.float64(0.0151), serial_latency_p95=np.float64(0.0135), recall=np.float64(0.9882), ndcg=np.float64(0.9899), conc_num_list=[1, 5, 10, 20, 30, 40, 60, 80], conc_qps_list=[100.8032, 547.3525, 809.1227, 914.9811, 855.9849, 773.6546, 463.3631, 423.1685], conc_latency_p99_list=[np.float64(0.014939626371487975), np.float64(0.012439690306782726), np.float64(0.02469674250110984), np.float64(0.0388900027051568), np.float64(0.0770420154929162), np.float64(0.12537744306027893), np.float64(1.1576896265149075), np.float64(3.4221103357896223)], conc_latency_p95_list=[np.float64(0.013473909860476852), np.float64(0.011591904424130916), np.float64(0.020405813306570052), np.float64(0.03371879383921623), np.float64(0.05837265662848949), np.float64(0.10264043491333723), np.float64(0.25878405552357436), np.float64(0.4722734457813203)], conc_latency_avg_list=[np.float64(0.00989991895172118), np.float64(0.009116874640915425), np.float64(0.012321501313472094), np.float64(0.021736179359407016), np.float64(0.0347598742294807), np.float64(0.05113037738852425), np.float64(0.12778636646166164), np.float64(0.18623365538000042)], st_ideal_insert_duration=0, st_search_stage_list=[], st_search_time_list=[], st_max_qps_list_list=[], st_recall_list=[], st_ndcg_list=[], st_serial_latency_p99_list=[], st_serial_latency_p95_list=[], st_conc_failed_rate_list=[], st_conc_num_list_list=[], st_conc_qps_list_list=[], st_conc_latency_p99_list_list=[], st_conc_latency_p95_list_list=[], st_conc_latency_avg_list_list=[]), label=ResultLabel.NORMAL[0m (interface.py:185) (1035104)
2026-04-01 08:44:38,386 | INFO |Task summary: run_id=c619f, task_label=c619f5d77aa840ccafab572253c25bb1 (models.py:472)
2026-04-01 08:44:38,386 | INFO |DB             | db_label      case                                           label                            | load_dur      qps         latency(p99)    latency(p95)    recall        max_load_count | label (models.py:472)
2026-04-01 08:44:38,386 | INFO |-------------- | ------------- ---------------------------------------------- -------------------------------- | ------------- ----------- --------------- --------------- ------------- -------------- | ----- (models.py:472)
2026-04-01 08:44:38,386 | INFO |ActianVectorAI | main-bench    Search Performance Test (10M Dataset, 768 Dim) c619f5d77aa840ccafab572253c25bb1 | 12616.9571    914.9811    0.0151          0.0135          0.9882        0              | :)    (models.py:472)
2026-04-01 08:44:38,386 | [92mINFO[0m: [92mwrite results to disk /tmp/benchclient/results/ActianVectorAI/result_20260401_c619f5d77aa840ccafab572253c25bb1_actianvectorai.json[0m (models.py:309) (1035104)
2026-04-01 08:44:38,387 | [92mINFO[0m: [92mSuccess to finish task: label=c619f5d77aa840ccafab572253c25bb1, run_id=c619f5d77aa840ccafab572253c25bb1[0m (interface.py:224) (1035104)
